

*******************************************************************************
Sun Mar 14 00:38:35 2021


FIT:    data read from 'Data/d_'.file.'.txt' u 1:2:3:4 xyerrors
        format = x:z:sx:s
        x range restricted to [-1.90000 : *]
        #datapoints = 37
function used for fitting: f_2(x)
fitted parameters initialized with current variable values



*******************************************************************************
Sun Mar 14 00:38:59 2021


FIT:    data read from 'Data/d_'.file.'.txt' u 1:2:3:4 xyerrors
        format = x:z:sx:s
        x range restricted to [-1.90000 : *]
        #datapoints = 37
function used for fitting: f(x)
	f(x) = A*x+B
fitted parameters initialized with current variable values

iter      chisq       delta/lim  lambda   A             B            
   0 3.3465040383e+02   0.00e+00  3.96e+01    5.700000e+01   1.000000e+02
   3 9.4398770339e+01  -2.02e-01  3.96e+00    5.689795e+01   1.057614e+02

After 3 iterations the fit converged.
final sum of squares of residuals : 94.3988
rel. change during last iteration : -2.0168e-06

degrees of freedom    (FIT_NDF)                        : 35
rms of residuals      (FIT_STDFIT) = sqrt(WSSR/ndf)    : 1.64229
variance of residuals (reduced chisquare) = WSSR/ndf   : 2.69711
p-value of the Chisq distribution (FIT_P)              : 2.33762e-07

Final set of parameters            Asymptotic Standard Error
=======================            ==========================
A               = 56.8979          +/- 2.272        (3.993%)
B               = 105.761          +/- 3.3          (3.12%)

correlation matrix of the fit parameters:
                A      B      
A               1.000 
B               0.982  1.000 


*******************************************************************************
Sun Mar 14 00:39:22 2021


FIT:    data read from 'Data/d_'.file.'.txt' u 1:2:3:4 xyerrors
        format = x:z:sx:s
        x range restricted to [-1.90000 : *]
        #datapoints = 37
function used for fitting: f(x)
	f(x) = A*x+B
fitted parameters initialized with current variable values

iter      chisq       delta/lim  lambda   A             B            
   0 3.3465040383e+02   0.00e+00  3.96e+01    5.700000e+01   1.000000e+02
   3 9.4398770339e+01  -2.02e-01  3.96e+00    5.689795e+01   1.057614e+02

After 3 iterations the fit converged.
final sum of squares of residuals : 94.3988
rel. change during last iteration : -2.0168e-06

degrees of freedom    (FIT_NDF)                        : 35
rms of residuals      (FIT_STDFIT) = sqrt(WSSR/ndf)    : 1.64229
variance of residuals (reduced chisquare) = WSSR/ndf   : 2.69711
p-value of the Chisq distribution (FIT_P)              : 2.33762e-07

Final set of parameters            Asymptotic Standard Error
=======================            ==========================
A               = 56.8979          +/- 2.272        (3.993%)
B               = 105.761          +/- 3.3          (3.12%)

correlation matrix of the fit parameters:
                A      B      
A               1.000 
B               0.982  1.000 


*******************************************************************************
Sun Mar 14 00:39:36 2021


FIT:    data read from 'Data/d_'.file.'.txt' u 1:2:3:4 xyerrors
        format = x:z:sx:s
        x range restricted to [-1.90000 : *]
        #datapoints = 37
function used for fitting: f(x)
	f(x) = A*x+B
fitted parameters initialized with current variable values

iter      chisq       delta/lim  lambda   A             B            
   0 3.3465040383e+02   0.00e+00  3.96e+01    5.700000e+01   1.000000e+02
   3 9.4398770339e+01  -2.02e-01  3.96e+00    5.689795e+01   1.057614e+02

After 3 iterations the fit converged.
final sum of squares of residuals : 94.3988
rel. change during last iteration : -2.0168e-06

degrees of freedom    (FIT_NDF)                        : 35
rms of residuals      (FIT_STDFIT) = sqrt(WSSR/ndf)    : 1.64229
variance of residuals (reduced chisquare) = WSSR/ndf   : 2.69711
p-value of the Chisq distribution (FIT_P)              : 2.33762e-07

Final set of parameters            Asymptotic Standard Error
=======================            ==========================
A               = 56.8979          +/- 2.272        (3.993%)
B               = 105.761          +/- 3.3          (3.12%)

correlation matrix of the fit parameters:
                A      B      
A               1.000 
B               0.982  1.000 


*******************************************************************************
Sun Mar 14 00:41:43 2021


FIT:    data read from 'Data/d_'.file.'.txt' u 1:2:3:4 xyerrors
        format = x:z:sx:s
        x range restricted to [-1.90000 : *]
        #datapoints = 37
function used for fitting: f(x)
	f(x) = A*x+B
fitted parameters initialized with current variable values

iter      chisq       delta/lim  lambda   A             B            
   0 3.3465040383e+02   0.00e+00  3.96e+01    5.700000e+01   1.000000e+02
   3 9.4398770339e+01  -2.02e-01  3.96e+00    5.689795e+01   1.057614e+02

After 3 iterations the fit converged.
final sum of squares of residuals : 94.3988
rel. change during last iteration : -2.0168e-06

degrees of freedom    (FIT_NDF)                        : 35
rms of residuals      (FIT_STDFIT) = sqrt(WSSR/ndf)    : 1.64229
variance of residuals (reduced chisquare) = WSSR/ndf   : 2.69711
p-value of the Chisq distribution (FIT_P)              : 2.33762e-07

Final set of parameters            Asymptotic Standard Error
=======================            ==========================
A               = 56.8979          +/- 2.272        (3.993%)
B               = 105.761          +/- 3.3          (3.12%)

correlation matrix of the fit parameters:
                A      B      
A               1.000 
B               0.982  1.000 


*******************************************************************************
Sun Mar 14 00:44:41 2021


FIT:    data read from 'Data/d_'.file.'.txt' u 1:2:3:4 xyerrors
        format = x:z:sx:s
        x range restricted to [-1.90000 : *]
        #datapoints = 37
function used for fitting: f(x)
	f(x) = A*x+B
fitted parameters initialized with current variable values

iter      chisq       delta/lim  lambda   A             B            
   0 3.3465040383e+02   0.00e+00  3.96e+01    5.700000e+01   1.000000e+02
   3 9.4398770339e+01  -2.02e-01  3.96e+00    5.689795e+01   1.057614e+02

After 3 iterations the fit converged.
final sum of squares of residuals : 94.3988
rel. change during last iteration : -2.0168e-06

degrees of freedom    (FIT_NDF)                        : 35
rms of residuals      (FIT_STDFIT) = sqrt(WSSR/ndf)    : 1.64229
variance of residuals (reduced chisquare) = WSSR/ndf   : 2.69711
p-value of the Chisq distribution (FIT_P)              : 2.33762e-07

Final set of parameters            Asymptotic Standard Error
=======================            ==========================
A               = 56.8979          +/- 2.272        (3.993%)
B               = 105.761          +/- 3.3          (3.12%)

correlation matrix of the fit parameters:
                A      B      
A               1.000 
B               0.982  1.000 


*******************************************************************************
Sun Mar 14 00:46:05 2021


FIT:    data read from 'Data/d_'.file.'.txt' u 1:2:3:4 xyerrors
        format = x:z:sx:s
        x range restricted to [-1.90000 : *]
        #datapoints = 37
function used for fitting: f(x)
	f(x) = A*x+B
fitted parameters initialized with current variable values

iter      chisq       delta/lim  lambda   A             B            
   0 3.3465040383e+02   0.00e+00  3.96e+01    5.700000e+01   1.000000e+02
   3 9.4398770339e+01  -2.02e-01  3.96e+00    5.689795e+01   1.057614e+02

After 3 iterations the fit converged.
final sum of squares of residuals : 94.3988
rel. change during last iteration : -2.0168e-06

degrees of freedom    (FIT_NDF)                        : 35
rms of residuals      (FIT_STDFIT) = sqrt(WSSR/ndf)    : 1.64229
variance of residuals (reduced chisquare) = WSSR/ndf   : 2.69711
p-value of the Chisq distribution (FIT_P)              : 2.33762e-07

Final set of parameters            Asymptotic Standard Error
=======================            ==========================
A               = 56.8979          +/- 2.272        (3.993%)
B               = 105.761          +/- 3.3          (3.12%)

correlation matrix of the fit parameters:
                A      B      
A               1.000 
B               0.982  1.000 


*******************************************************************************
Sun Mar 14 00:49:19 2021


FIT:    data read from 'Data/d_'.file.'.txt' u 1:2:3:4 xyerrors
        format = x:z:sx:s
        x range restricted to [-1.90000 : *]
        #datapoints = 37
function used for fitting: f(x)
	f(x) = A*x+B
fitted parameters initialized with current variable values

iter      chisq       delta/lim  lambda   A             B            
   0 3.3465040383e+02   0.00e+00  3.96e+01    5.700000e+01   1.000000e+02
   3 9.4398770339e+01  -2.02e-01  3.96e+00    5.689795e+01   1.057614e+02

After 3 iterations the fit converged.
final sum of squares of residuals : 94.3988
rel. change during last iteration : -2.0168e-06

degrees of freedom    (FIT_NDF)                        : 35
rms of residuals      (FIT_STDFIT) = sqrt(WSSR/ndf)    : 1.64229
variance of residuals (reduced chisquare) = WSSR/ndf   : 2.69711
p-value of the Chisq distribution (FIT_P)              : 2.33762e-07

Final set of parameters            Asymptotic Standard Error
=======================            ==========================
A               = 56.8979          +/- 2.272        (3.993%)
B               = 105.761          +/- 3.3          (3.12%)

correlation matrix of the fit parameters:
                A      B      
A               1.000 
B               0.982  1.000 


*******************************************************************************
Sun Mar 14 00:55:52 2021


FIT:    data read from 'Data/d_'.file.'.txt' u 1:2:3:4 xyerrors
        format = x:z:sx:s
        x range restricted to [-1.90000 : *]
        #datapoints = 37
function used for fitting: f(x)
	f(x) = A*x+B
fitted parameters initialized with current variable values

iter      chisq       delta/lim  lambda   A             B            
   0 3.3465040383e+02   0.00e+00  3.96e+01    5.700000e+01   1.000000e+02
   3 9.4398770339e+01  -2.02e-01  3.96e+00    5.689795e+01   1.057614e+02

After 3 iterations the fit converged.
final sum of squares of residuals : 94.3988
rel. change during last iteration : -2.0168e-06

degrees of freedom    (FIT_NDF)                        : 35
rms of residuals      (FIT_STDFIT) = sqrt(WSSR/ndf)    : 1.64229
variance of residuals (reduced chisquare) = WSSR/ndf   : 2.69711
p-value of the Chisq distribution (FIT_P)              : 2.33762e-07

Final set of parameters            Asymptotic Standard Error
=======================            ==========================
A               = 56.8979          +/- 2.272        (3.993%)
B               = 105.761          +/- 3.3          (3.12%)

correlation matrix of the fit parameters:
                A      B      
A               1.000 
B               0.982  1.000 


*******************************************************************************
Sun Mar 14 00:57:06 2021


FIT:    data read from 'Data/d_'.file.'.txt' u 1:2:3:4 xyerrors
        format = x:z:sx:s
        x range restricted to [-1.90000 : *]
        #datapoints = 37
function used for fitting: f(x)
	f(x) = A*x+B
fitted parameters initialized with current variable values

iter      chisq       delta/lim  lambda   A             B            
   0 3.3465040383e+02   0.00e+00  3.96e+01    5.700000e+01   1.000000e+02
   3 9.4398770339e+01  -2.02e-01  3.96e+00    5.689795e+01   1.057614e+02

After 3 iterations the fit converged.
final sum of squares of residuals : 94.3988
rel. change during last iteration : -2.0168e-06

degrees of freedom    (FIT_NDF)                        : 35
rms of residuals      (FIT_STDFIT) = sqrt(WSSR/ndf)    : 1.64229
variance of residuals (reduced chisquare) = WSSR/ndf   : 2.69711
p-value of the Chisq distribution (FIT_P)              : 2.33762e-07

Final set of parameters            Asymptotic Standard Error
=======================            ==========================
A               = 56.8979          +/- 2.272        (3.993%)
B               = 105.761          +/- 3.3          (3.12%)

correlation matrix of the fit parameters:
                A      B      
A               1.000 
B               0.982  1.000 
